<?xml version="1.0" encoding="UTF-8"?>
<!-- Generated by org.testng.reporters.JUnitReportReporter -->
<testsuite hostname="LAPTOP-9SGMLLCL" failures="0" tests="1" name="Academy.BasePageNavigation" time="0.201" errors="0" timestamp="2021-06-21T20:22:51 IST" skipped="0">
  <testcase classname="Academy.BasePageNavigation" name="basePageNavigation" time="0.201"/>
  <system-out/>
</testsuite> <!-- Academy.BasePageNavigation -->
