<?xml version="1.0" encoding="UTF-8"?>
<!-- Generated by org.testng.reporters.JUnitReportReporter -->
<testsuite hostname="LAPTOP-9SGMLLCL" failures="0" tests="2" name="Academy.HomePage" time="64.851" errors="0" timestamp="2021-06-21T20:22:51 IST" skipped="0">
  <testcase classname="Academy.HomePage" name="basePageNavigation" time="38.285"/>
  <system-out/>
  <testcase classname="Academy.HomePage" name="basePageNavigation" time="26.566"/>
  <system-out/>
</testsuite> <!-- Academy.HomePage -->
