<?xml version="1.0" encoding="UTF-8"?>
<!-- Generated by org.testng.reporters.JUnitReportReporter -->
<testsuite skipped="0" hostname="LAPTOP-9SGMLLCL" name="Academy.BasePageNavigation" tests="1" failures="0" timestamp="2021-06-24T11:04:07 IST" time="11.951" errors="0">
  <testcase name="basePageNavigation" time="11.951" classname="Academy.BasePageNavigation"/>
  <system-out/>
</testsuite> <!-- Academy.BasePageNavigation -->
