<?xml version="1.0" encoding="UTF-8"?>
<!-- Generated by org.testng.reporters.JUnitReportReporter -->
<testsuite skipped="0" hostname="LAPTOP-9SGMLLCL" name="Academy.HomePage" tests="2" failures="0" timestamp="2021-06-24T11:04:07 IST" time="124.497" errors="0">
  <testcase name="basePageNavigation" time="63.654" classname="Academy.HomePage"/>
  <system-out/>
  <testcase name="basePageNavigation" time="60.843" classname="Academy.HomePage"/>
  <system-out/>
</testsuite> <!-- Academy.HomePage -->
